TN:
SF:src/MultisigOrderManager.sol
FN:72,MultisigOrderManager.submitOrder
FNDA:1,MultisigOrderManager.submitOrder
DA:75,1
DA:76,1
DA:77,1
DA:78,1
DA:79,1
DA:80,1
FN:86,MultisigOrderManager.invalidateOrder
FNDA:0,MultisigOrderManager.invalidateOrder
DA:87,0
DA:89,0
DA:90,0
DA:91,0
BRDA:91,0,0,-
BRDA:91,0,1,-
DA:92,0
FN:97,MultisigOrderManager.invalidateAllOrders
FNDA:0,MultisigOrderManager.invalidateAllOrders
DA:98,0
DA:99,0
FN:105,MultisigOrderManager.digestApproved
FNDA:1,MultisigOrderManager.digestApproved
DA:109,1
DA:110,1
FN:116,MultisigOrderManager.checkNSignatures
FNDA:1,MultisigOrderManager.checkNSignatures
DA:120,1
FN:132,MultisigOrderManager.setSigners
FNDA:0,MultisigOrderManager.setSigners
DA:133,0
BRDA:133,1,0,-
BRDA:133,1,1,-
DA:134,0
DA:135,0
FN:141,MultisigOrderManager.setSignatureThreshold
FNDA:0,MultisigOrderManager.setSignatureThreshold
DA:142,0
BRDA:142,2,0,-
BRDA:142,2,1,-
DA:143,0
FN:148,MultisigOrderManager.setOwner
FNDA:0,MultisigOrderManager.setOwner
DA:149,0
BRDA:149,3,0,-
BRDA:149,3,1,-
DA:150,0
FN:157,MultisigOrderManager.initialize
FNDA:0,MultisigOrderManager.initialize
DA:158,0
BRDA:158,4,0,-
BRDA:158,4,1,-
DA:159,0
FNF:9
FNH:3
LF:25
LH:9
BRF:10
BRH:0
end_of_record
TN:
SF:src/Settlement.sol
FN:74,Settlement.executeOrder
FNDA:7,Settlement.executeOrder
DA:75,7
DA:76,7
DA:83,7
DA:86,5
DA:93,5
DA:96,5
BRDA:96,0,0,-
BRDA:96,0,1,1
DA:97,1
DA:99,4
DA:113,5
DA:116,5
DA:119,5
DA:122,5
DA:124,5
BRDA:124,1,0,-
BRDA:124,1,1,5
DA:125,5
DA:131,5
DA:134,5
FN:148,Settlement._execute
FNDA:10,Settlement._execute
DA:152,10
BRDA:152,2,0,-
BRDA:152,2,1,3
DA:153,3
FN:168,Settlement._verify
FNDA:7,Settlement._verify
DA:171,7
DA:172,7
DA:177,7
DA:178,7
DA:179,7
BRDA:179,3,0,1
BRDA:179,3,1,6
DA:180,6
BRDA:180,4,0,-
BRDA:180,4,1,6
DA:181,6
BRDA:181,5,0,1
BRDA:181,5,1,5
FN:186,Settlement.buildDigest
FNDA:6,Settlement.buildDigest
DA:189,13
DA:190,13
DA:193,13
FN:221,ExecutionProxy.execute
FNDA:3,ExecutionProxy.execute
DA:225,3
BRDA:225,0,0,-
BRDA:225,0,1,3
DA:226,3
DA:227,3
DA:228,3
DA:231,3
BRDA:231,1,0,-
BRDA:231,1,1,3
FNF:5
FNH:5
LF:33
LH:33
BRF:16
BRH:10
end_of_record
TN:
SF:src/Signing.sol
FN:37,Signing.recoverSigner
FNDA:0,Signing.recoverSigner
DA:43,7
BRDA:43,0,0,2
BRDA:43,0,1,5
DA:45,2
DA:46,5
BRDA:46,1,0,-
BRDA:46,1,1,5
DA:48,0
DA:49,5
BRDA:49,2,0,-
BRDA:49,2,1,5
DA:52,0
DA:55,5
FN:63,Signing._recoverEip712Signer
FNDA:7,Signing._recoverEip712Signer
DA:67,7
FN:76,Signing._recoverEip1271Signer
FNDA:2,Signing._recoverEip1271Signer
DA:81,2
DA:87,2
DA:94,2
BRDA:94,3,0,-
BRDA:94,3,1,2
DA:97,2
BRDA:97,4,0,-
BRDA:97,4,1,2
DA:104,2
DA:106,2
DA:108,2
BRDA:108,5,0,-
BRDA:108,5,1,2
DA:114,2
DA:119,2
DA:121,2
BRDA:121,6,0,-
BRDA:121,6,1,2
DA:128,2
FN:136,Signing._recoverEthSignSigner
FNDA:0,Signing._recoverEthSignSigner
DA:140,0
DA:143,0
FN:152,Signing._recoverPresignedOwner
FNDA:0,Signing._recoverPresignedOwner
DA:156,0
BRDA:156,7,0,-
BRDA:156,7,1,-
DA:159,0
DA:161,0
DA:165,0
BRDA:165,8,0,-
BRDA:165,8,1,-
FN:173,Signing._ecdsaRecover
FNDA:7,Signing._ecdsaRecover
DA:177,7
BRDA:177,9,0,-
BRDA:177,9,1,7
DA:181,7
DA:182,7
DA:184,7
DA:185,7
BRDA:185,10,0,-
BRDA:185,10,1,7
FN:202,Signing.checkNSignatures
FNDA:1,Signing.checkNSignatures
DA:208,1
BRDA:208,11,0,-
BRDA:208,11,1,1
DA:214,1
DA:215,1
DA:216,1
DA:217,1
DA:218,1
DA:219,1
DA:221,1
DA:222,3
DA:223,2
DA:228,2
DA:229,2
DA:230,2
DA:232,2
DA:234,2
BRDA:234,12,0,-
BRDA:234,12,1,2
DA:236,0
DA:237,2
BRDA:237,13,0,-
BRDA:237,13,1,2
DA:239,0
DA:240,2
BRDA:240,14,0,-
BRDA:240,14,1,2
DA:243,0
DA:246,2
DA:249,2
BRDA:249,15,0,-
BRDA:249,15,1,2
DA:253,2
BRDA:253,16,0,-
BRDA:253,16,1,2
DA:257,2
FNF:7
FNH:4
LF:54
LH:43
BRF:34
BRH:16
end_of_record
TN:
SF:src/executors/OrderExecutor.sol
FN:44,OrderExecutor.executeOrder
FNDA:2,OrderExecutor.executeOrder
DA:45,2
FN:48,OrderExecutor.executeOrder
FNDA:5,OrderExecutor.executeOrder
DA:53,5
DA:56,5
DA:59,5
FN:62,OrderExecutor.hook
FNDA:5,OrderExecutor.hook
DA:63,5
BRDA:63,0,0,-
BRDA:63,0,1,5
DA:64,5
DA:65,5
DA:66,5
DA:67,5
FN:74,OrderExecutor._executeInteractions
FNDA:10,OrderExecutor._executeInteractions
DA:77,10
DA:78,1
DA:79,1
DA:82,1
BRDA:82,1,0,-
BRDA:82,1,1,1
FN:86,OrderExecutor.sweep
FNDA:1,OrderExecutor.sweep
DA:87,1
FNF:5
FNH:5
LF:14
LH:14
BRF:4
BRH:2
end_of_record
TN:
SF:src/lib/Order.sol
FN:21,OrderLib.packOrderUidParams
FNDA:0,OrderLib.packOrderUidParams
DA:27,0
BRDA:27,0,0,-
BRDA:27,0,1,-
FN:69,OrderLib.extractOrderUidParams
FNDA:0,OrderLib.extractOrderUidParams
DA:76,0
BRDA:76,1,0,-
BRDA:76,1,1,-
DA:78,0
DA:79,0
DA:80,0
FNF:2
FNH:0
LF:5
LH:0
BRF:4
BRH:0
end_of_record
TN:
SF:src/solvers/UniswapV2Aggregator.sol
FN:59,UniswapV2Aggregator.addDex
FNDA:0,UniswapV2Aggregator.addDex
DA:60,0
BRDA:60,0,0,-
BRDA:60,0,1,-
DA:61,0
BRDA:61,1,0,-
BRDA:61,1,1,-
DA:62,0
DA:63,0
FN:69,UniswapV2Aggregator.getAmountOutFromRouter
FNDA:6,UniswapV2Aggregator.getAmountOutFromRouter
DA:75,6
DA:76,6
DA:77,6
DA:79,6
BRDA:79,2,0,-
BRDA:79,2,1,5
DA:81,5
DA:82,5
DA:83,5
DA:86,1
DA:87,1
DA:88,1
DA:89,1
DA:91,6
DA:92,6
DA:93,6
DA:94,6
FN:97,UniswapV2Aggregator.quote
FNDA:6,UniswapV2Aggregator.quote
DA:102,6
DA:103,6
DA:104,6
DA:105,6
DA:107,6
DA:124,6
FN:131,UniswapV2Aggregator.executeOrder
FNDA:5,UniswapV2Aggregator.executeOrder
DA:137,5
DA:138,5
DA:139,5
DA:140,5
FN:152,UniswapV2Aggregator.setOwner
FNDA:0,UniswapV2Aggregator.setOwner
DA:153,0
BRDA:153,3,0,-
BRDA:153,3,1,-
DA:154,0
FNF:5
FNH:3
LF:31
LH:25
BRF:8
BRH:1
end_of_record
TN:
SF:test/support/GnosisHelper.sol
FN:17,GnosisHelper.newSafe
FNDA:0,GnosisHelper.newSafe
DA:20,0
DA:25,0
DA:30,0
DA:31,0
DA:32,0
DA:33,0
DA:34,0
FN:38,GnosisHelper.generateSimpleSignatureBytes
FNDA:0,GnosisHelper.generateSimpleSignatureBytes
DA:41,0
DA:42,0
DA:44,0
FN:47,GnosisHelper.addOwnerWithThreshold
FNDA:0,GnosisHelper.addOwnerWithThreshold
DA:52,0
DA:53,0
DA:54,0
DA:60,0
FNF:3
FNH:0
LF:14
LH:0
BRF:0
BRH:0
end_of_record
TN:
SF:test/support/MasterChef.sol
FN:16,MasterChef.accrueReward
FNDA:0,MasterChef.accrueReward
DA:17,0
FN:20,MasterChef.initialize
FNDA:0,MasterChef.initialize
DA:21,0
BRDA:21,0,0,-
BRDA:21,0,1,-
DA:22,0
FN:26,MasterChef.getReward
FNDA:1,MasterChef.getReward
DA:27,1
DA:28,1
BRDA:28,1,0,-
BRDA:28,1,1,1
DA:29,1
DA:31,1
FN:34,MasterChef.sweep
FNDA:0,MasterChef.sweep
DA:35,0
BRDA:35,2,0,-
BRDA:35,2,1,-
DA:36,0
FNF:4
FNH:1
LF:9
LH:4
BRF:6
BRH:1
end_of_record
TN:
SF:test/support/OpenFlowSwapper.sol
FN:61,OpenFlowSwapper.isValidSignature
FNDA:1,OpenFlowSwapper.isValidSignature
DA:65,1
DA:69,1
BRDA:69,0,0,-
BRDA:69,0,1,1
DA:76,1
FN:83,OpenFlowSwapper._swap
FNDA:1,OpenFlowSwapper._swap
DA:85,1
DA:86,1
DA:95,1
DA:96,1
DA:97,1
DA:98,1
DA:103,1
DA:109,1
FN:126,OpenFlowSwapper.setMaxAuctionDuration
FNDA:0,OpenFlowSwapper.setMaxAuctionDuration
DA:127,0
FN:132,OpenFlowSwapper.setSlippage
FNDA:0,OpenFlowSwapper.setSlippage
DA:133,0
FN:138,OpenFlowSwapper.setOracle
FNDA:0,OpenFlowSwapper.setOracle
DA:139,0
FNF:5
FNH:2
LF:14
LH:11
BRF:2
BRH:1
end_of_record
TN:
SF:test/support/Oracle.sol
FN:23,Oracle.getChainlinkPrice
FNDA:0,Oracle.getChainlinkPrice
DA:26,2
FN:30,Oracle.calculateEquivalentAmountAfterSlippage
FNDA:1,Oracle.calculateEquivalentAmountAfterSlippage
DA:36,1
DA:37,1
DA:38,1
DA:39,1
DA:40,1
DA:42,1
DA:43,1
BRDA:43,0,0,-
BRDA:43,0,1,1
DA:44,0
DA:46,1
DA:48,1
BRDA:48,1,0,1
BRDA:48,1,1,-
DA:49,1
DA:53,0
DA:55,1
FNF:2
FNH:1
LF:14
LH:12
BRF:4
BRH:2
end_of_record
TN:
SF:test/support/Storage.sol
FN:80,Storage._sign
FNDA:0,Storage._sign
DA:84,0
DA:85,0
FNF:1
FNH:0
LF:2
LH:0
BRF:0
BRH:0
end_of_record
TN:
SF:test/support/Strategy.sol
FN:31,Strategy.estimatedEarnings
FNDA:1,Strategy.estimatedEarnings
DA:32,1
FN:35,Strategy.harvest
FNDA:1,Strategy.harvest
DA:36,1
DA:37,1
FN:40,Strategy.updateAccounting
FNDA:1,Strategy.updateAccounting
FN:42,Strategy.sweep
FNDA:0,Strategy.sweep
DA:43,0
BRDA:43,0,0,-
BRDA:43,0,1,-
DA:44,0
FNF:4
FNH:3
LF:5
LH:3
BRF:2
BRH:0
end_of_record
TN:
SF:test/support/YearnVaultInteractions.sol
FN:37,YearnVaultInteractions.deposit
FNDA:1,YearnVaultInteractions.deposit
DA:38,1
BRDA:38,0,0,-
BRDA:38,0,1,1
DA:39,1
DA:40,1
DA:41,1
DA:42,1
FN:55,YearnVaultInteractions.withdraw
FNDA:1,YearnVaultInteractions.withdraw
DA:56,1
BRDA:56,1,0,-
BRDA:56,1,1,1
DA:57,1
DA:59,1
DA:61,1
DA:62,1
DA:63,1
DA:64,1
FNF:2
FNH:2
LF:12
LH:12
BRF:4
BRH:2
end_of_record
