TN:
SF:src/Driver.sol
FN:72,Driver.submitOrder
FNDA:1,Driver.submitOrder
DA:75,1
DA:76,1
DA:77,1
DA:78,1
DA:79,1
DA:80,1
FN:86,Driver.invalidateOrder
FNDA:0,Driver.invalidateOrder
DA:87,0
DA:89,0
DA:90,0
DA:91,0
BRDA:91,0,0,-
BRDA:91,0,1,-
DA:92,0
FN:97,Driver.invalidateAllOrders
FNDA:0,Driver.invalidateAllOrders
DA:98,0
DA:99,0
FN:105,Driver.digestApproved
FNDA:2,Driver.digestApproved
DA:109,2
DA:110,2
FN:116,Driver.checkNSignatures
FNDA:4,Driver.checkNSignatures
DA:120,4
FN:132,Driver.setSigners
FNDA:2,Driver.setSigners
DA:133,2
BRDA:133,1,0,1
BRDA:133,1,1,1
DA:134,1
DA:135,2
FN:141,Driver.setSignatureThreshold
FNDA:2,Driver.setSignatureThreshold
DA:142,2
BRDA:142,2,0,1
BRDA:142,2,1,1
DA:143,1
FN:148,Driver.setOwner
FNDA:2,Driver.setOwner
DA:149,2
BRDA:149,3,0,1
BRDA:149,3,1,1
DA:150,1
FN:157,Driver.initialize
FNDA:2,Driver.initialize
DA:158,2
BRDA:158,4,0,1
BRDA:158,4,1,1
DA:159,1
FNF:9
FNH:7
LF:25
LH:18
BRF:10
BRH:8
end_of_record
TN:
SF:src/Settlement.sol
FN:74,Settlement.executeOrder
FNDA:14,Settlement.executeOrder
DA:75,14
DA:76,14
DA:83,14
DA:86,11
DA:93,11
DA:96,11
BRDA:96,0,0,-
BRDA:96,0,1,1
DA:97,1
DA:99,10
DA:113,11
DA:116,11
DA:119,10
DA:122,10
DA:124,10
BRDA:124,1,0,1
BRDA:124,1,1,9
DA:125,9
DA:131,9
DA:134,8
FN:148,Settlement._execute
FNDA:20,Settlement._execute
DA:152,20
BRDA:152,2,0,1
BRDA:152,2,1,3
DA:153,4
FN:168,Settlement._verify
FNDA:14,Settlement._verify
DA:171,14
DA:172,14
DA:177,14
DA:178,14
DA:179,14
BRDA:179,3,0,1
BRDA:179,3,1,13
DA:180,13
BRDA:180,4,0,1
BRDA:180,4,1,12
DA:181,12
BRDA:181,5,0,1
BRDA:181,5,1,11
FN:186,Settlement.buildDigest
FNDA:10,Settlement.buildDigest
DA:189,24
DA:190,24
DA:193,24
FN:221,ExecutionProxy.execute
FNDA:5,ExecutionProxy.execute
DA:225,5
BRDA:225,0,0,1
BRDA:225,0,1,4
DA:226,4
DA:227,4
DA:228,4
DA:231,4
BRDA:231,1,0,1
BRDA:231,1,1,3
FNF:5
FNH:5
LF:33
LH:33
BRF:16
BRH:15
end_of_record
TN:
SF:src/Signing.sol
FN:37,Signing.recoverSigner
FNDA:7,Signing.recoverSigner
DA:43,21
BRDA:43,0,0,6
BRDA:43,0,1,15
DA:45,6
DA:46,15
BRDA:46,1,0,-
BRDA:46,1,1,15
DA:48,0
DA:49,15
BRDA:49,2,0,3
BRDA:49,2,1,12
DA:52,3
DA:55,12
FN:63,Signing._recoverEip712Signer
FNDA:17,Signing._recoverEip712Signer
DA:67,17
FN:76,Signing._recoverEip1271Signer
FNDA:6,Signing._recoverEip1271Signer
DA:80,6
DA:81,6
DA:83,6
DA:85,6
DA:87,6
BRDA:87,3,0,1
BRDA:87,3,1,2
FN:99,Signing._recoverEthSignSigner
FNDA:3,Signing._recoverEthSignSigner
DA:103,3
DA:106,3
FN:115,Signing._recoverPresignedOwner
FNDA:0,Signing._recoverPresignedOwner
DA:119,0
BRDA:119,4,0,-
BRDA:119,4,1,-
DA:122,0
DA:124,0
DA:128,0
BRDA:128,5,0,-
BRDA:128,5,1,-
FN:136,Signing._ecdsaRecover
FNDA:20,Signing._ecdsaRecover
DA:140,20
BRDA:140,6,0,1
BRDA:140,6,1,19
DA:144,19
DA:145,19
DA:147,19
DA:148,19
BRDA:148,7,0,1
BRDA:148,7,1,18
FN:163,Signing.checkNSignatures
FNDA:4,Signing.checkNSignatures
DA:169,4
BRDA:169,8,0,1
BRDA:169,8,1,3
DA:175,3
DA:176,3
DA:177,3
DA:178,3
DA:179,3
DA:180,3
DA:182,3
DA:183,7
DA:184,4
DA:189,5
DA:190,5
DA:191,5
DA:193,5
DA:194,5
BRDA:194,9,0,-
BRDA:194,9,1,-
DA:196,0
DA:203,0
BRDA:203,10,0,-
BRDA:203,10,1,-
DA:206,0
BRDA:206,11,0,-
BRDA:206,11,1,-
DA:213,0
DA:215,0
DA:217,0
BRDA:217,12,0,-
BRDA:217,12,1,-
DA:223,0
DA:228,0
DA:235,0
BRDA:235,13,0,-
BRDA:235,13,1,-
DA:242,5
BRDA:242,14,0,-
BRDA:242,14,1,5
DA:244,0
DA:245,5
BRDA:245,15,0,-
BRDA:245,15,1,5
DA:248,0
DA:251,5
DA:254,5
BRDA:254,16,0,-
BRDA:254,16,1,5
DA:258,5
BRDA:258,17,0,1
BRDA:258,17,1,4
DA:262,4
FNF:7
FNH:6
LF:56
LH:40
BRF:36
BRH:18
end_of_record
TN:
SF:src/executors/OrderExecutor.sol
FN:44,OrderExecutor.executeOrder
FNDA:3,OrderExecutor.executeOrder
DA:45,3
FN:48,OrderExecutor.executeOrder
FNDA:11,OrderExecutor.executeOrder
DA:53,11
DA:56,11
DA:59,8
FN:62,OrderExecutor.hook
FNDA:12,OrderExecutor.hook
DA:63,12
BRDA:63,0,0,1
BRDA:63,0,1,11
DA:64,11
DA:65,11
DA:66,11
DA:67,11
BRDA:67,1,0,1
BRDA:67,1,1,10
DA:68,10
FN:75,OrderExecutor._executeInteractions
FNDA:19,OrderExecutor._executeInteractions
DA:78,19
DA:79,2
DA:80,2
DA:83,2
BRDA:83,2,0,1
BRDA:83,2,1,1
FN:87,OrderExecutor.sweep
FNDA:1,OrderExecutor.sweep
DA:88,1
FNF:5
FNH:5
LF:15
LH:15
BRF:6
BRH:6
end_of_record
TN:
SF:src/lib/Order.sol
FN:21,OrderLib.packOrderUidParams
FNDA:0,OrderLib.packOrderUidParams
DA:27,0
BRDA:27,0,0,-
BRDA:27,0,1,-
FN:69,OrderLib.extractOrderUidParams
FNDA:0,OrderLib.extractOrderUidParams
DA:76,0
BRDA:76,1,0,-
BRDA:76,1,1,-
DA:78,0
DA:79,0
DA:80,0
FNF:2
FNH:0
LF:5
LH:0
BRF:4
BRH:0
end_of_record
TN:
SF:src/solvers/UniswapV2Aggregator.sol
FN:59,UniswapV2Aggregator.addDex
FNDA:2,UniswapV2Aggregator.addDex
DA:60,2
BRDA:60,0,0,-
BRDA:60,0,1,2
DA:61,2
BRDA:61,1,0,1
BRDA:61,1,1,1
DA:62,1
DA:63,1
FN:69,UniswapV2Aggregator.getAmountOutFromRouter
FNDA:10,UniswapV2Aggregator.getAmountOutFromRouter
DA:75,10
DA:76,10
DA:77,10
DA:79,10
BRDA:79,2,0,-
BRDA:79,2,1,9
DA:81,9
DA:82,9
DA:83,9
DA:86,1
DA:87,1
DA:88,1
DA:89,1
DA:91,10
DA:92,10
DA:93,10
DA:94,10
FN:97,UniswapV2Aggregator.quote
FNDA:10,UniswapV2Aggregator.quote
DA:102,10
DA:103,10
DA:104,10
DA:105,10
DA:107,10
DA:124,10
FN:131,UniswapV2Aggregator.executeOrder
FNDA:10,UniswapV2Aggregator.executeOrder
DA:137,10
DA:138,10
DA:139,10
DA:140,10
FN:152,UniswapV2Aggregator.setOwner
FNDA:1,UniswapV2Aggregator.setOwner
DA:153,1
BRDA:153,3,0,-
BRDA:153,3,1,1
DA:154,1
FNF:5
FNH:5
LF:31
LH:31
BRF:8
BRH:5
end_of_record
TN:
SF:test/Signing.t.sol
FN:6,NegativeTestCaseSigningContract.isValidSignature
FNDA:1,NegativeTestCaseSigningContract.isValidSignature
FNF:1
FNH:1
LF:0
LH:0
BRF:0
BRH:0
end_of_record
TN:
SF:test/support/GnosisHelper.sol
FN:17,GnosisHelper.newSafe
FNDA:0,GnosisHelper.newSafe
DA:20,0
DA:25,0
DA:30,0
DA:31,0
DA:32,0
DA:33,0
DA:34,0
FN:38,GnosisHelper.generateSimpleSignatureBytes
FNDA:0,GnosisHelper.generateSimpleSignatureBytes
DA:41,0
DA:42,0
DA:44,0
FN:47,GnosisHelper.addOwnerWithThreshold
FNDA:0,GnosisHelper.addOwnerWithThreshold
DA:52,0
DA:53,0
DA:54,0
DA:60,0
FNF:3
FNH:0
LF:14
LH:0
BRF:0
BRH:0
end_of_record
TN:
SF:test/support/MasterChef.sol
FN:16,MasterChef.accrueReward
FNDA:0,MasterChef.accrueReward
DA:17,0
FN:20,MasterChef.initialize
FNDA:0,MasterChef.initialize
DA:21,0
BRDA:21,0,0,-
BRDA:21,0,1,-
DA:22,0
FN:26,MasterChef.getReward
FNDA:1,MasterChef.getReward
DA:27,1
DA:28,1
DA:29,1
FN:32,MasterChef.sweep
FNDA:0,MasterChef.sweep
DA:33,0
BRDA:33,1,0,-
BRDA:33,1,1,-
DA:34,0
FNF:4
FNH:1
LF:8
LH:3
BRF:4
BRH:0
end_of_record
TN:
SF:test/support/OpenFlowSwapper.sol
FN:61,OpenFlowSwapper.isValidSignature
FNDA:4,OpenFlowSwapper.isValidSignature
DA:65,4
DA:69,2
BRDA:69,0,0,1
BRDA:69,0,1,1
DA:76,1
FN:83,OpenFlowSwapper._swap
FNDA:1,OpenFlowSwapper._swap
DA:85,1
DA:86,1
DA:95,1
DA:96,1
DA:97,1
DA:98,1
DA:103,1
DA:109,1
FN:126,OpenFlowSwapper.setMaxAuctionDuration
FNDA:0,OpenFlowSwapper.setMaxAuctionDuration
DA:127,0
FN:132,OpenFlowSwapper.setSlippage
FNDA:0,OpenFlowSwapper.setSlippage
DA:133,0
FN:138,OpenFlowSwapper.setOracle
FNDA:0,OpenFlowSwapper.setOracle
DA:139,0
FNF:5
FNH:2
LF:14
LH:11
BRF:2
BRH:2
end_of_record
TN:
SF:test/support/Oracle.sol
FN:23,Oracle.getChainlinkPrice
FNDA:2,Oracle.getChainlinkPrice
DA:26,2
FN:30,Oracle.calculateEquivalentAmountAfterSlippage
FNDA:1,Oracle.calculateEquivalentAmountAfterSlippage
DA:36,1
DA:37,1
DA:38,1
DA:39,1
DA:40,1
DA:42,1
DA:43,1
BRDA:43,0,0,-
BRDA:43,0,1,1
DA:44,0
DA:46,1
DA:48,1
BRDA:48,1,0,1
BRDA:48,1,1,-
DA:49,1
DA:53,0
DA:55,1
FNF:2
FNH:2
LF:14
LH:12
BRF:4
BRH:2
end_of_record
TN:
SF:test/support/Storage.sol
FN:82,Storage._sign
FNDA:0,Storage._sign
DA:86,0
DA:87,0
FNF:1
FNH:0
LF:2
LH:0
BRF:0
BRH:0
end_of_record
TN:
SF:test/support/Strategy.sol
FN:30,Strategy.estimatedEarnings
FNDA:1,Strategy.estimatedEarnings
DA:31,1
FN:34,Strategy.harvest
FNDA:1,Strategy.harvest
DA:35,1
DA:36,1
FN:39,Strategy.updateAccounting
FNDA:1,Strategy.updateAccounting
FN:41,Strategy.sweep
FNDA:0,Strategy.sweep
DA:42,0
BRDA:42,0,0,-
BRDA:42,0,1,-
DA:43,0
FNF:4
FNH:3
LF:5
LH:3
BRF:2
BRH:0
end_of_record
TN:
SF:test/support/YearnVaultInteractions.sol
FN:37,YearnVaultInteractions.deposit
FNDA:1,YearnVaultInteractions.deposit
DA:38,1
BRDA:38,0,0,-
BRDA:38,0,1,1
DA:39,1
DA:40,1
DA:41,1
DA:42,1
FN:55,YearnVaultInteractions.withdraw
FNDA:1,YearnVaultInteractions.withdraw
DA:56,1
BRDA:56,1,0,-
BRDA:56,1,1,1
DA:57,1
DA:59,1
DA:61,1
DA:62,1
DA:63,1
DA:64,1
FNF:2
FNH:2
LF:12
LH:12
BRF:4
BRH:2
end_of_record
